Using pre-set license
Built from '2020.3/staging' branch; Version is '2020.3.48f1 (b805b124c6b7) revision 12060081'; Using compiler version '192528614'; Build Type 'Release'
OS: 'Windows 11  (10.0.22631) 64bit Professional' Language: 'en' Physical Memory: 14188 MB
BatchMode: 1, IsHumanControllingUs: 0, StartBugReporterOnCrash: 0, Is64bit: 1, IsPro: 0

COMMAND LINE ARGUMENTS:
D:\Program Filess\Unity\Editor\Unity.exe
-adb2
-batchMode
-noUpm
-name
AssetImportWorker0
-projectPath
C:/Users/Lenovo Gaming/Tugas Praktikum Game
-logFile
Logs/AssetImportWorker0.log
-srvPort
53783
Successfully changed project path to: C:/Users/Lenovo Gaming/Tugas Praktikum Game
C:/Users/Lenovo Gaming/Tugas Praktikum Game
Using Asset Import Pipeline V2.
Player connection [14000] Host "[IP] 10.10.13.208 [Port] 3221443104 [Flags] 2 [Guid] 1256773610 [EditorId] 1256773610 [Version] 1048832 [Id] WindowsEditor(7,Lenovo) [Debug] 1 [PackageName] WindowsEditor [ProjectName] Editor" joined multi-casting on [225.0.0.222:54997]...

Player connection [14000] Host "[IP] 10.10.13.208 [Port] 3221443104 [Flags] 2 [Guid] 1256773610 [EditorId] 1256773610 [Version] 1048832 [Id] WindowsEditor(7,Lenovo) [Debug] 1 [PackageName] WindowsEditor [ProjectName] Editor" joined alternative multi-casting on [225.0.0.222:34997]...

Refreshing native plugins compatible for Editor in 42.54 ms, found 3 plugins.
Preloading 0 native plugins for Editor in 0.00 ms.
Initialize engine version: 2020.3.48f1 (b805b124c6b7)
[Subsystems] Discovering subsystems at path D:/Program Filess/Unity/Editor/Data/Resources/UnitySubsystems
[Subsystems] Discovering subsystems at path C:/Users/Lenovo Gaming/Tugas Praktikum Game/Assets
GfxDevice: creating device client; threaded=0
Direct3D:
    Version:  Direct3D 11.0 [level 11.1]
    Renderer: NVIDIA GeForce RTX 3050 Laptop GPU (ID=0x25a2)
    Vendor:   
    VRAM:     3979 MB
    Driver:   31.0.15.3197
Initialize mono
Mono path[0] = 'D:/Program Filess/Unity/Editor/Data/Managed'
Mono path[1] = 'D:/Program Filess/Unity/Editor/Data/MonoBleedingEdge/lib/mono/unityjit'
Mono config path = 'D:/Program Filess/Unity/Editor/Data/MonoBleedingEdge/etc'
Using monoOptions --debugger-agent=transport=dt_socket,embedding=1,server=y,suspend=n,address=127.0.0.1:56980
Begin MonoManager ReloadAssembly
Registering precompiled unity dll's ...
Register platform support module: D:/Program Filess/Unity/Editor/Data/PlaybackEngines/WindowsStandaloneSupport/UnityEditor.WindowsStandalone.Extensions.dll
Registered in 0.000808 seconds.
Native extension for WindowsStandalone target not found
Refreshing native plugins compatible for Editor in 44.92 ms, found 3 plugins.
Preloading 0 native plugins for Editor in 0.00 ms.
Mono: successfully reloaded assembly
- Completed reload, in  0.539 seconds
Domain Reload Profiling:
	ReloadAssembly (540ms)
		BeginReloadAssembly (55ms)
			ExecutionOrderSort (0ms)
			DisableScriptedObjects (0ms)
			BackupInstance (0ms)
			ReleaseScriptingObjects (0ms)
			CreateAndSetChildDomain (1ms)
		EndReloadAssembly (426ms)
			LoadAssemblies (55ms)
			RebuildTransferFunctionScriptingTraits (0ms)
			SetupTypeCache (143ms)
			ReleaseScriptCaches (0ms)
			RebuildScriptCaches (27ms)
			SetupLoadedEditorAssemblies (172ms)
				LogAssemblyErrors (0ms)
				InitializePlatformSupportModulesInManaged (4ms)
				SetLoadedEditorAssemblies (0ms)
				RefreshPlugins (45ms)
				BeforeProcessingInitializeOnLoad (9ms)
				ProcessInitializeOnLoadAttributes (79ms)
				ProcessInitializeOnLoadMethodAttributes (35ms)
				AfterProcessingInitializeOnLoad (0ms)
				EditorAssembliesLoaded (0ms)
			ExecutionOrderSort2 (0ms)
			AwakeInstancesAfterBackupRestoration (0ms)
Platform modules already initialized, skipping
Registering precompiled user dll's ...
Registered in 0.003466 seconds.
Begin MonoManager ReloadAssembly
Native extension for WindowsStandalone target not found
Refreshing native plugins compatible for Editor in 42.94 ms, found 3 plugins.
Preloading 0 native plugins for Editor in 0.00 ms.
Mono: successfully reloaded assembly
- Completed reload, in  0.991 seconds
Domain Reload Profiling:
	ReloadAssembly (992ms)
		BeginReloadAssembly (122ms)
			ExecutionOrderSort (0ms)
			DisableScriptedObjects (4ms)
			BackupInstance (0ms)
			ReleaseScriptingObjects (0ms)
			CreateAndSetChildDomain (18ms)
		EndReloadAssembly (818ms)
			LoadAssemblies (85ms)
			RebuildTransferFunctionScriptingTraits (0ms)
			SetupTypeCache (261ms)
			ReleaseScriptCaches (0ms)
			RebuildScriptCaches (37ms)
			SetupLoadedEditorAssemblies (348ms)
				LogAssemblyErrors (0ms)
				InitializePlatformSupportModulesInManaged (3ms)
				SetLoadedEditorAssemblies (0ms)
				RefreshPlugins (43ms)
				BeforeProcessingInitializeOnLoad (69ms)
				ProcessInitializeOnLoadAttributes (216ms)
				ProcessInitializeOnLoadMethodAttributes (16ms)
				AfterProcessingInitializeOnLoad (2ms)
				EditorAssembliesLoaded (0ms)
			ExecutionOrderSort2 (0ms)
			AwakeInstancesAfterBackupRestoration (2ms)
Platform modules already initialized, skipping
========================================================================
Worker process is ready to serve import requests
Launched and connected shader compiler UnityShaderCompiler.exe after 0.04 seconds
Refreshing native plugins compatible for Editor in 0.51 ms, found 3 plugins.
Preloading 0 native plugins for Editor in 0.00 ms.
Unloading 2014 Unused Serialized files (Serialized files now loaded: 0)
System memory in use before: 92.0 MB.
System memory in use after: 92.0 MB.

Unloading 29 unused Assets to reduce memory usage. Loaded Objects now: 2448.
Total: 4.486600 ms (FindLiveObjects: 0.162700 ms CreateObjectMapping: 0.080900 ms MarkObjects: 4.097600 ms  DeleteObjects: 0.144100 ms)

AssetImportParameters requested are different than current active one (requested -> active):
  custom:framework-win-MediaFoundation: 216162199b28c13a410421893ffa2e32 -> 
  custom:video-decoder-ogg-theora: a1e56fd34408186e4bbccfd4996cb3dc -> 
  custom:container-muxer-webm: aa71ff27fc2769a1b78a27578f13a17b -> 
  custom:container-demuxer-webm: 4f35f7cbe854078d1ac9338744f61a02 -> 
  custom:container-demuxer-ogg: 62fdf1f143b41e24485cea50d1cbac27 -> 
  custom:video-encoder-webm-vp8: eb34c28f22e8b96e1ab97ce403110664 -> 
  custom:video-codec-MediaFoundation-h265: 746d11721c4dcdbdad8f713fa42b33f4 -> 
  custom:video-decoder-webm-vp8: 9c59270c3fd7afecdb556c50c9e8de78 -> 
  custom:audio-decoder-ogg-vorbis: bf7c407c2cedff20999df2af8eb42d56 -> 
  custom:audio-encoder-webm-vorbis: bf7c407c2cedff20999df2af8eb42d56 -> 
========================================================================
Received Import Request.
  path: Assets/BigManJD/Platformer Tileset - Pixelart Grasslands/Background/Background4.png
  artifactKey: Guid(0b211dc3d14c1ba459b21a44e5038f46) Importer(815301076,1909f56bfc062723c751e8b465ee728b)
Start importing Assets/BigManJD/Platformer Tileset - Pixelart Grasslands/Background/Background4.png using Guid(0b211dc3d14c1ba459b21a44e5038f46) Importer(815301076,1909f56bfc062723c751e8b465ee728b)  -> (artifact id: '42e02527aa2c839b636dd7e5cfdb6ed5') in 0.117068 seconds 
========================================================================
Received Import Request.
  Time since last request: 0.000203 seconds.
  path: Assets/BigManJD/Platformer Tileset - Pixelart Grasslands/Prefabs/WoodenSign.prefab
  artifactKey: Guid(3f0733b56e08e8c4a852b694cbbc24a5) Importer(815301076,1909f56bfc062723c751e8b465ee728b)
Start importing Assets/BigManJD/Platformer Tileset - Pixelart Grasslands/Prefabs/WoodenSign.prefab using Guid(3f0733b56e08e8c4a852b694cbbc24a5) Importer(815301076,1909f56bfc062723c751e8b465ee728b)  -> (artifact id: '72d1bf9c3e9835feff6d2e3f1ed2add5') in 0.021467 seconds 
========================================================================
Received Import Request.
  Time since last request: 0.000168 seconds.
  path: Assets/BigManJD/Platformer Tileset - Pixelart Grasslands/Character/CharacterSheet.png
  artifactKey: Guid(496562456fdbe6647887febf11640c70) Importer(815301076,1909f56bfc062723c751e8b465ee728b)
Start importing Assets/BigManJD/Platformer Tileset - Pixelart Grasslands/Character/CharacterSheet.png using Guid(496562456fdbe6647887febf11640c70) Importer(815301076,1909f56bfc062723c751e8b465ee728b)  -> (artifact id: '318742238d5098f4b7cabe6e00decb66') in 0.034715 seconds 
========================================================================
Received Import Request.
  Time since last request: 0.000166 seconds.
  path: Assets/BigManJD/Platformer Tileset - Pixelart Grasslands/Background/Background3.png
  artifactKey: Guid(cd139cad4817e7144a2c0c2bb7cf8fcc) Importer(815301076,1909f56bfc062723c751e8b465ee728b)
Start importing Assets/BigManJD/Platformer Tileset - Pixelart Grasslands/Background/Background3.png using Guid(cd139cad4817e7144a2c0c2bb7cf8fcc) Importer(815301076,1909f56bfc062723c751e8b465ee728b)  -> (artifact id: 'cdfb8f42c1763e8022bc5950e6496bb4') in 0.016098 seconds 
========================================================================
Received Import Request.
  Time since last request: 0.000156 seconds.
  path: Assets/BigManJD/Platformer Tileset - Pixelart Grasslands/Prefabs/Rock1.prefab
  artifactKey: Guid(6bc4f20031ab7a943b8123b5af05b536) Importer(815301076,1909f56bfc062723c751e8b465ee728b)
Start importing Assets/BigManJD/Platformer Tileset - Pixelart Grasslands/Prefabs/Rock1.prefab using Guid(6bc4f20031ab7a943b8123b5af05b536) Importer(815301076,1909f56bfc062723c751e8b465ee728b)  -> (artifact id: '62c583f602f8e0641cf95c7093039d0b') in 0.011001 seconds 
========================================================================
Received Import Request.
  Time since last request: 0.000164 seconds.
  path: Assets/BigManJD/Platformer Tileset - Pixelart Grasslands/Prefabs/TreeStump.prefab
  artifactKey: Guid(cce8f5d7e4ab0694abb8b541a6b26b9a) Importer(815301076,1909f56bfc062723c751e8b465ee728b)
Start importing Assets/BigManJD/Platformer Tileset - Pixelart Grasslands/Prefabs/TreeStump.prefab using Guid(cce8f5d7e4ab0694abb8b541a6b26b9a) Importer(815301076,1909f56bfc062723c751e8b465ee728b)  -> (artifact id: '6f8d7a0aa8e73b31c3e536be69ff43dd') in 0.010184 seconds 
========================================================================
Received Import Request.
  Time since last request: 0.000158 seconds.
  path: Assets/BigManJD/Platformer Tileset - Pixelart Grasslands/Prefabs/Bush1.prefab
  artifactKey: Guid(cc92fc30c0cc12843ace4dfba1b2a7e7) Importer(815301076,1909f56bfc062723c751e8b465ee728b)
Start importing Assets/BigManJD/Platformer Tileset - Pixelart Grasslands/Prefabs/Bush1.prefab using Guid(cc92fc30c0cc12843ace4dfba1b2a7e7) Importer(815301076,1909f56bfc062723c751e8b465ee728b)  -> (artifact id: '304cc38c3824fd3f2191813c9a5794ce') in 0.009201 seconds 
========================================================================
Received Import Request.
  Time since last request: 0.000180 seconds.
  path: Assets/BigManJD/Platformer Tileset - Pixelart Grasslands/Background/Background2.png
  artifactKey: Guid(3d7882fa7165d824d9173e4397f23c5f) Importer(815301076,1909f56bfc062723c751e8b465ee728b)
Start importing Assets/BigManJD/Platformer Tileset - Pixelart Grasslands/Background/Background2.png using Guid(3d7882fa7165d824d9173e4397f23c5f) Importer(815301076,1909f56bfc062723c751e8b465ee728b)  -> (artifact id: '2edca660d94d0f142f58f7b2af895816') in 0.013447 seconds 
========================================================================
Received Import Request.
  Time since last request: 0.000166 seconds.
  path: Assets/BigManJD/Platformer Tileset - Pixelart Grasslands/Prefabs/Rock2.prefab
  artifactKey: Guid(7f7b34cda5ce2b845affdea1f5af3cfa) Importer(815301076,1909f56bfc062723c751e8b465ee728b)
Start importing Assets/BigManJD/Platformer Tileset - Pixelart Grasslands/Prefabs/Rock2.prefab using Guid(7f7b34cda5ce2b845affdea1f5af3cfa) Importer(815301076,1909f56bfc062723c751e8b465ee728b)  -> (artifact id: 'c75389a3c7276be0028f917fdbeadd03') in 0.009832 seconds 
========================================================================
Received Import Request.
  Time since last request: 0.000189 seconds.
  path: Assets/BigManJD/Platformer Tileset - Pixelart Grasslands/Prefabs/Rock3.prefab
  artifactKey: Guid(6accc788deb588846bc4f6768c625fc7) Importer(815301076,1909f56bfc062723c751e8b465ee728b)
Start importing Assets/BigManJD/Platformer Tileset - Pixelart Grasslands/Prefabs/Rock3.prefab using Guid(6accc788deb588846bc4f6768c625fc7) Importer(815301076,1909f56bfc062723c751e8b465ee728b)  -> (artifact id: '8a3ce6ab32ed6439223e1e943aefb2f5') in 0.011078 seconds 
========================================================================
Received Import Request.
  Time since last request: 0.000202 seconds.
  path: Assets/BigManJD/Platformer Tileset - Pixelart Grasslands/Background/Background5.png
  artifactKey: Guid(0fbbe850674cd2342a0debf3a96b5810) Importer(815301076,1909f56bfc062723c751e8b465ee728b)
Start importing Assets/BigManJD/Platformer Tileset - Pixelart Grasslands/Background/Background5.png using Guid(0fbbe850674cd2342a0debf3a96b5810) Importer(815301076,1909f56bfc062723c751e8b465ee728b)  -> (artifact id: 'cbba5e27d56a7eed4bf8db54ac637e1e') in 0.015715 seconds 
========================================================================
Received Import Request.
  Time since last request: 0.000234 seconds.
  path: Assets/BigManJD/Platformer Tileset - Pixelart Grasslands/Prefabs/Bush2.prefab
  artifactKey: Guid(21139aab49c121e4b870829fdc8dd143) Importer(815301076,1909f56bfc062723c751e8b465ee728b)
Start importing Assets/BigManJD/Platformer Tileset - Pixelart Grasslands/Prefabs/Bush2.prefab using Guid(21139aab49c121e4b870829fdc8dd143) Importer(815301076,1909f56bfc062723c751e8b465ee728b)  -> (artifact id: '02e0502178d02b5ed04c64d9f8f8eaf6') in 0.009078 seconds 
========================================================================
Received Import Request.
  Time since last request: 0.000188 seconds.
  path: Assets/BigManJD/Platformer Tileset - Pixelart Grasslands/Prefabs/Tree2.prefab
  artifactKey: Guid(512108d047703db44a09d9aa681173d9) Importer(815301076,1909f56bfc062723c751e8b465ee728b)
Start importing Assets/BigManJD/Platformer Tileset - Pixelart Grasslands/Prefabs/Tree2.prefab using Guid(512108d047703db44a09d9aa681173d9) Importer(815301076,1909f56bfc062723c751e8b465ee728b)  -> (artifact id: '58a1074e5b80ef2351d421b5f8ab8703') in 0.009634 seconds 
========================================================================
Received Import Request.
  Time since last request: 0.000158 seconds.
  path: Assets/BigManJD/Platformer Tileset - Pixelart Grasslands/Background/Background1.png
  artifactKey: Guid(9b45b88c36c56554ead974cff48f98bb) Importer(815301076,1909f56bfc062723c751e8b465ee728b)
Start importing Assets/BigManJD/Platformer Tileset - Pixelart Grasslands/Background/Background1.png using Guid(9b45b88c36c56554ead974cff48f98bb) Importer(815301076,1909f56bfc062723c751e8b465ee728b)  -> (artifact id: '7de7fc881912c9bdc51fd3c8888eaacd') in 0.013605 seconds 
========================================================================
Received Import Request.
  Time since last request: 0.000160 seconds.
  path: Assets/BigManJD/Platformer Tileset - Pixelart Grasslands/Enemy/EnemySheet.png
  artifactKey: Guid(fc1d67a4622f38e4a97f5152c1977ca9) Importer(815301076,1909f56bfc062723c751e8b465ee728b)
Start importing Assets/BigManJD/Platformer Tileset - Pixelart Grasslands/Enemy/EnemySheet.png using Guid(fc1d67a4622f38e4a97f5152c1977ca9) Importer(815301076,1909f56bfc062723c751e8b465ee728b)  -> (artifact id: 'af47bc7cec4f56e61321e15192f9b4e2') in 0.016812 seconds 
========================================================================
Received Import Request.
  Time since last request: 0.000164 seconds.
  path: Assets/BigManJD/Platformer Tileset - Pixelart Grasslands/Prefabs/Tree1.prefab
  artifactKey: Guid(948ae1bb86ba5a74ca462a52b5372894) Importer(815301076,1909f56bfc062723c751e8b465ee728b)
Start importing Assets/BigManJD/Platformer Tileset - Pixelart Grasslands/Prefabs/Tree1.prefab using Guid(948ae1bb86ba5a74ca462a52b5372894) Importer(815301076,1909f56bfc062723c751e8b465ee728b)  -> (artifact id: '9d6ea37bab84efbaea06d39916b474c9') in 0.010875 seconds 
========================================================================
Received Import Request.
  Time since last request: 45.476738 seconds.
  path: Assets/BigManJD/Platformer Tileset - Pixelart Grasslands
  artifactKey: Guid(5ddda599cc54b63419016da8b7dfa947) Importer(815301076,1909f56bfc062723c751e8b465ee728b)
Start importing Assets/BigManJD/Platformer Tileset - Pixelart Grasslands using Guid(5ddda599cc54b63419016da8b7dfa947) Importer(815301076,1909f56bfc062723c751e8b465ee728b)  -> (artifact id: '66cce4bd1eb6d794a36ad6b8842ee27c') in 0.008760 seconds 
========================================================================
Received Import Request.
  Time since last request: 1.124971 seconds.
  path: Assets/BigManJD/Platformer Tileset - Pixelart Grasslands/Background
  artifactKey: Guid(6adbfbab162026f4cb829740e1e90207) Importer(815301076,1909f56bfc062723c751e8b465ee728b)
Start importing Assets/BigManJD/Platformer Tileset - Pixelart Grasslands/Background using Guid(6adbfbab162026f4cb829740e1e90207) Importer(815301076,1909f56bfc062723c751e8b465ee728b)  -> (artifact id: 'e708f3ea5775d4cf8d70ad81a3f72bca') in 0.009536 seconds 
AssetImportWorkerClient::OnTransportError - code=2 error=End of file
